Library/Bee/Android/Prj/Mono2x/Gradle/launcher/build/intermediates/manifest_merge_blame_file/release/manifest-merger-blame-release-report.txt
1<?xml version="1.0" encoding="utf-8"?>
2<manifest xmlns:android="http://schemas.android.com/apk/res/android"
3    package="com.BlackFoursquare.Recycling"
4    android:installLocation="preferExternal"
5    android:versionCode="1"
6    android:versionName="0.1" >
7
8    <uses-sdk
9        android:minSdkVersion="22"
9-->src\main\AndroidManifest.xml
10        android:targetSdkVersion="30" />
10-->src\main\AndroidManifest.xml
11
12    <supports-screens
12-->src\main\AndroidManifest.xml:3:3-163
13        android:anyDensity="true"
13-->src\main\AndroidManifest.xml:3:135-160
14        android:largeScreens="true"
14-->src\main\AndroidManifest.xml:3:78-105
15        android:normalScreens="true"
15-->src\main\AndroidManifest.xml:3:49-77
16        android:smallScreens="true"
16-->src\main\AndroidManifest.xml:3:21-48
17        android:xlargeScreens="true" />
17-->src\main\AndroidManifest.xml:3:106-134
18
19    <uses-feature android:glEsVersion="0x00020000" />
19-->[:unityLibrary] AndroidManifest.xml:12:5-54
19-->[:unityLibrary] AndroidManifest.xml:12:19-51
20
21    <supports-gl-texture android:name="GL_OES_compressed_ETC1_RGB8_texture" />
21-->[:unityLibrary] AndroidManifest.xml:14:5-79
21-->[:unityLibrary] AndroidManifest.xml:14:26-76
22
23    <uses-permission android:name="android.permission.INTERNET" />
23-->[:unityLibrary] AndroidManifest.xml:16:5-67
23-->[:unityLibrary] AndroidManifest.xml:16:22-64
24    <uses-permission android:name="android.permission.ACCESS_NETWORK_STATE" />
24-->[:unityLibrary] AndroidManifest.xml:17:5-79
24-->[:unityLibrary] AndroidManifest.xml:17:22-76
25
26    <uses-feature
26-->[:unityLibrary] AndroidManifest.xml:19:5-21:36
27        android:name="android.hardware.touchscreen"
27-->[:unityLibrary] AndroidManifest.xml:20:9-52
28        android:required="false" />
28-->[:unityLibrary] AndroidManifest.xml:21:9-33
29    <uses-feature
29-->[:unityLibrary] AndroidManifest.xml:22:5-24:36
30        android:name="android.hardware.touchscreen.multitouch"
30-->[:unityLibrary] AndroidManifest.xml:23:9-63
31        android:required="false" />
31-->[:unityLibrary] AndroidManifest.xml:24:9-33
32    <uses-feature
32-->[:unityLibrary] AndroidManifest.xml:25:5-27:36
33        android:name="android.hardware.touchscreen.multitouch.distinct"
33-->[:unityLibrary] AndroidManifest.xml:26:9-72
34        android:required="false" />
34-->[:unityLibrary] AndroidManifest.xml:27:9-33
35
36    <uses-permission android:name="com.android.vending.BILLING" />
36-->[:billing-3.0.3:] AndroidManifest.xml:10:5-67
36-->[:billing-3.0.3:] AndroidManifest.xml:10:22-64
37
38    <application
38-->src\main\AndroidManifest.xml:4:3-121
39        android:banner="@drawable/app_banner"
39-->src\main\AndroidManifest.xml:4:81-118
40        android:extractNativeLibs="true"
40-->[:unityLibrary] AndroidManifest.xml:30:9-41
41        android:icon="@mipmap/app_icon"
41-->src\main\AndroidManifest.xml:4:49-80
42        android:isGame="true"
42-->[:unityLibrary] AndroidManifest.xml:31:9-30
43        android:label="@string/app_name" >
43-->src\main\AndroidManifest.xml:4:16-48
44        <activity
44-->[:unityLibrary] AndroidManifest.xml:32:9-50:20
45            android:name="com.unity3d.player.UnityPlayerActivity"
45-->[:unityLibrary] AndroidManifest.xml:33:13-66
46            android:configChanges="mcc|mnc|locale|touchscreen|keyboard|keyboardHidden|navigation|orientation|screenLayout|uiMode|screenSize|smallestScreenSize|fontScale|layoutDirection|density"
46-->[:unityLibrary] AndroidManifest.xml:34:13-194
47            android:hardwareAccelerated="false"
47-->[:unityLibrary] AndroidManifest.xml:35:13-48
48            android:launchMode="singleTask"
48-->[:unityLibrary] AndroidManifest.xml:36:13-44
49            android:resizeableActivity="false"
49-->[:unityLibrary] AndroidManifest.xml:37:13-47
50            android:screenOrientation="landscape"
50-->[:unityLibrary] AndroidManifest.xml:38:13-50
51            android:theme="@style/UnityThemeSelector" >
51-->[:unityLibrary] AndroidManifest.xml:39:13-54
52            <intent-filter>
52-->[:unityLibrary] AndroidManifest.xml:40:13-45:29
53                <action android:name="android.intent.action.MAIN" />
53-->[:unityLibrary] AndroidManifest.xml:41:17-69
53-->[:unityLibrary] AndroidManifest.xml:41:25-66
54
55                <category android:name="android.intent.category.LAUNCHER" />
55-->[:unityLibrary] AndroidManifest.xml:43:17-77
55-->[:unityLibrary] AndroidManifest.xml:43:27-74
56                <category android:name="android.intent.category.LEANBACK_LAUNCHER" />
56-->[:unityLibrary] AndroidManifest.xml:44:17-86
56-->[:unityLibrary] AndroidManifest.xml:44:27-83
57            </intent-filter>
58
59            <meta-data
59-->[:unityLibrary] AndroidManifest.xml:47:13-49:40
60                android:name="unityplayer.UnityActivity"
60-->[:unityLibrary] AndroidManifest.xml:48:17-57
61                android:value="true" />
61-->[:unityLibrary] AndroidManifest.xml:49:17-37
62        </activity>
63
64        <meta-data
64-->[:unityLibrary] AndroidManifest.xml:52:9-54:33
65            android:name="unity.splash-mode"
65-->[:unityLibrary] AndroidManifest.xml:53:13-45
66            android:value="0" />
66-->[:unityLibrary] AndroidManifest.xml:54:13-30
67        <meta-data
67-->[:unityLibrary] AndroidManifest.xml:55:9-57:36
68            android:name="unity.splash-enable"
68-->[:unityLibrary] AndroidManifest.xml:56:13-47
69            android:value="True" />
69-->[:unityLibrary] AndroidManifest.xml:57:13-33
70        <meta-data
70-->[:unityLibrary] AndroidManifest.xml:58:9-60:36
71            android:name="unity.launch-fullscreen"
71-->[:unityLibrary] AndroidManifest.xml:59:13-51
72            android:value="True" />
72-->[:unityLibrary] AndroidManifest.xml:60:13-33
73        <meta-data
73-->[:unityLibrary] AndroidManifest.xml:61:9-63:37
74            android:name="unity.allow-resizable-window"
74-->[:unityLibrary] AndroidManifest.xml:62:13-56
75            android:value="False" />
75-->[:unityLibrary] AndroidManifest.xml:63:13-34
76
77        <activity
77-->[:UnityAds:] AndroidManifest.xml:13:9-17:74
78            android:name="com.unity3d.services.ads.adunit.AdUnitActivity"
78-->[:UnityAds:] AndroidManifest.xml:14:13-74
79            android:configChanges="fontScale|keyboard|keyboardHidden|locale|mnc|mcc|navigation|orientation|screenLayout|screenSize|smallestScreenSize|uiMode|touchscreen"
79-->[:UnityAds:] AndroidManifest.xml:15:13-170
80            android:hardwareAccelerated="true"
80-->[:UnityAds:] AndroidManifest.xml:16:13-47
81            android:theme="@android:style/Theme.NoTitleBar.Fullscreen" />
81-->[:UnityAds:] AndroidManifest.xml:17:13-71
82        <activity
82-->[:UnityAds:] AndroidManifest.xml:18:9-22:86
83            android:name="com.unity3d.services.ads.adunit.AdUnitTransparentActivity"
83-->[:UnityAds:] AndroidManifest.xml:19:13-85
84            android:configChanges="fontScale|keyboard|keyboardHidden|locale|mnc|mcc|navigation|orientation|screenLayout|screenSize|smallestScreenSize|uiMode|touchscreen"
84-->[:UnityAds:] AndroidManifest.xml:20:13-170
85            android:hardwareAccelerated="true"
85-->[:UnityAds:] AndroidManifest.xml:21:13-47
86            android:theme="@android:style/Theme.Translucent.NoTitleBar.Fullscreen" />
86-->[:UnityAds:] AndroidManifest.xml:22:13-83
87        <activity
87-->[:UnityAds:] AndroidManifest.xml:23:9-27:86
88            android:name="com.unity3d.services.ads.adunit.AdUnitTransparentSoftwareActivity"
88-->[:UnityAds:] AndroidManifest.xml:24:13-93
89            android:configChanges="fontScale|keyboard|keyboardHidden|locale|mnc|mcc|navigation|orientation|screenLayout|screenSize|smallestScreenSize|uiMode|touchscreen"
89-->[:UnityAds:] AndroidManifest.xml:25:13-170
90            android:hardwareAccelerated="false"
90-->[:UnityAds:] AndroidManifest.xml:26:13-48
91            android:theme="@android:style/Theme.Translucent.NoTitleBar.Fullscreen" />
91-->[:UnityAds:] AndroidManifest.xml:27:13-83
92        <activity
92-->[:UnityAds:] AndroidManifest.xml:28:9-32:74
93            android:name="com.unity3d.services.ads.adunit.AdUnitSoftwareActivity"
93-->[:UnityAds:] AndroidManifest.xml:29:13-82
94            android:configChanges="fontScale|keyboard|keyboardHidden|locale|mnc|mcc|navigation|orientation|screenLayout|screenSize|smallestScreenSize|uiMode|touchscreen"
94-->[:UnityAds:] AndroidManifest.xml:30:13-170
95            android:hardwareAccelerated="false"
95-->[:UnityAds:] AndroidManifest.xml:31:13-48
96            android:theme="@android:style/Theme.NoTitleBar.Fullscreen" />
96-->[:UnityAds:] AndroidManifest.xml:32:13-71
97
98        <meta-data
98-->[:billing-3.0.3:] AndroidManifest.xml:13:9-15:37
99            android:name="com.google.android.play.billingclient.version"
99-->[:billing-3.0.3:] AndroidManifest.xml:14:13-73
100            android:value="3.0.3" />
100-->[:billing-3.0.3:] AndroidManifest.xml:15:13-34
101
102        <activity
102-->[:billing-3.0.3:] AndroidManifest.xml:17:9-21:75
103            android:name="com.android.billingclient.api.ProxyBillingActivity"
103-->[:billing-3.0.3:] AndroidManifest.xml:18:13-78
104            android:configChanges="keyboard|keyboardHidden|screenLayout|screenSize|orientation"
104-->[:billing-3.0.3:] AndroidManifest.xml:19:13-96
105            android:exported="false"
105-->[:billing-3.0.3:] AndroidManifest.xml:20:13-37
106            android:theme="@android:style/Theme.Translucent.NoTitleBar" />
106-->[:billing-3.0.3:] AndroidManifest.xml:21:13-72
107    </application>
108
109</manifest>